  Proyecto Estructura De Datos.cpp
D:\edgar\Desktop\FCFM\Github\Vacunaci-n\Proyecto Estructura De Datos\Proyecto Estructura De Datos.cpp(914,118): warning C4244: 'argumento': conversión de 'double' a 'int'; posible pérdida de datos
D:\edgar\Desktop\FCFM\Github\Vacunaci-n\Proyecto Estructura De Datos\Proyecto Estructura De Datos.cpp(1077,17): warning C4244: 'inicializando': conversión de 'int' a 'float'; posible pérdida de datos
D:\edgar\Desktop\FCFM\Github\Vacunaci-n\Proyecto Estructura De Datos\Proyecto Estructura De Datos.cpp(1419,17): warning C4244: 'inicializando': conversión de 'int' a 'float'; posible pérdida de datos
D:\edgar\Desktop\FCFM\Github\Vacunaci-n\Proyecto Estructura De Datos\Proyecto Estructura De Datos.cpp(1908,3): warning C4065: la instrucción switch contiene etiquetas 'default' pero no etiquetas 'case'
D:\edgar\Desktop\FCFM\Github\Vacunaci-n\Proyecto Estructura De Datos\Proyecto Estructura De Datos.cpp(1963,3): warning C4065: la instrucción switch contiene etiquetas 'default' pero no etiquetas 'case'
D:\edgar\Desktop\FCFM\Github\Vacunaci-n\Proyecto Estructura De Datos\Proyecto Estructura De Datos.cpp(1975,9): warning C4101: 'xd': variable local sin referencia
D:\edgar\Desktop\FCFM\Github\Vacunaci-n\Proyecto Estructura De Datos\Proyecto Estructura De Datos.cpp(2122,15): warning C4244: 'inicializando': conversión de 'std::streamoff' a 'int'; posible pérdida de datos
D:\edgar\Desktop\FCFM\Github\Vacunaci-n\Proyecto Estructura De Datos\Proyecto Estructura De Datos.cpp(2194,15): warning C4244: 'inicializando': conversión de 'std::streamoff' a 'int'; posible pérdida de datos
D:\edgar\Desktop\FCFM\Github\Vacunaci-n\Proyecto Estructura De Datos\Proyecto Estructura De Datos.cpp(2315,15): warning C4244: 'inicializando': conversión de 'std::streamoff' a 'int'; posible pérdida de datos
D:\edgar\Desktop\FCFM\Github\Vacunaci-n\Proyecto Estructura De Datos\Proyecto Estructura De Datos.cpp(2455,15): warning C4244: 'inicializando': conversión de 'std::streamoff' a 'int'; posible pérdida de datos
D:\edgar\Desktop\FCFM\Github\Vacunaci-n\Proyecto Estructura De Datos\Proyecto Estructura De Datos.cpp(2789,14): warning C4244: 'inicializando': conversión de 'int' a 'float'; posible pérdida de datos
C:\Program Files\Microsoft Visual Studio\2022\Community\VC\Tools\MSVC\14.39.33519\include\xutility(4537,18): warning C4244: '=': conversión de 'wchar_t' a 'char'; posible pérdida de datos
  (compilando archivo de origen "Proyecto%20Estructura%20De%20Datos.cpp")
  C:\Program Files\Microsoft Visual Studio\2022\Community\VC\Tools\MSVC\14.39.33519\include\xutility(4537,18):
  el contexto de creación de instancias de la plantilla (el más antiguo primero) es
  	D:\edgar\Desktop\FCFM\Github\Vacunaci-n\Proyecto Estructura De Datos\Proyecto Estructura De Datos.cpp(203,15):
  	Vea la referencia a la creación de una instancia de la función plantilla "std::basic_string<char,std::char_traits<char>,std::allocator<char>>::basic_string<std::_String_iterator<std::_String_val<std::_Simple_types<_Elem>>>,0>(_Iter,_Iter,const _Alloc &)" que se está compilando
          with
          [
              _Elem=wchar_t,
              _Iter=std::_String_iterator<std::_String_val<std::_Simple_types<wchar_t>>>,
              _Alloc=std::allocator<char>
          ]
  		D:\edgar\Desktop\FCFM\Github\Vacunaci-n\Proyecto Estructura De Datos\Proyecto Estructura De Datos.cpp(203,15):
  		vea la primera referencia a “std::basic_string<char,std::char_traits<char>,std::allocator<char>>::basic_string” en “IniciarSecion”
  	C:\Program Files\Microsoft Visual Studio\2022\Community\VC\Tools\MSVC\14.39.33519\include\xstring(2600,17):
  	Vea la referencia a la creación de una instancia de la función plantilla "void std::basic_string<char,std::char_traits<char>,std::allocator<char>>::_Construct_from_iter<wchar_t*,wchar_t*,_Size_type>(_Iter,const _Sent,_Size)" que se está compilando
          with
          [
              _Size_type=unsigned int,
              _Iter=wchar_t *,
              _Sent=wchar_t *,
              _Size=unsigned int
          ]
  	C:\Program Files\Microsoft Visual Studio\2022\Community\VC\Tools\MSVC\14.39.33519\include\xstring(2756,18):
  	Vea la referencia a la creación de una instancia de la función plantilla "_OutIt *std::_Copy_n_unchecked4<wchar_t*,_Size,char*>(_InIt,_SizeTy,_OutIt)" que se está compilando
          with
          [
              _OutIt=char *,
              _Size=unsigned int,
              _InIt=wchar_t *,
              _SizeTy=unsigned int
          ]
  
D:\edgar\Desktop\FCFM\Github\Vacunaci-n\Proyecto Estructura De Datos\Proyecto Estructura De Datos.cpp(2687,1): warning C4715: 'buscarcurp': no todas las rutas de acceso de control devuelven un valor
D:\edgar\Desktop\FCFM\Github\Vacunaci-n\Proyecto Estructura De Datos\Proyecto Estructura De Datos.cpp(2713,1): warning C4715: 'buscarcurpcarnet': no todas las rutas de acceso de control devuelven un valor
D:\edgar\Desktop\FCFM\Github\Vacunaci-n\Proyecto Estructura De Datos\Proyecto Estructura De Datos.cpp(2701,1): warning C4715: 'buscarcurp': no todas las rutas de acceso de control devuelven un valor
D:\edgar\Desktop\FCFM\Github\Vacunaci-n\Proyecto Estructura De Datos\Proyecto Estructura De Datos.cpp(2725,1): warning C4715: 'buscarvacuna': no todas las rutas de acceso de control devuelven un valor
  Proyecto Estructura De Datos.vcxproj -> D:\edgar\Desktop\FCFM\Github\Vacunaci-n\Debug\Proyecto Estructura De Datos.exe
